TN:
SF:models\activity.js
FNF:0
FNH:0
DA:3,1
DA:13,1
LF:2
LH:2
BRF:0
BRH:0
end_of_record
TN:
SF:models\product.js
FNF:0
FNH:0
DA:3,1
DA:10,1
DA:20,1
LF:3
LH:3
BRF:0
BRH:0
end_of_record
TN:
SF:models\store.js
FNF:0
FNH:0
DA:3,1
DA:10,1
DA:20,1
DA:32,1
LF:4
LH:4
BRF:0
BRH:0
end_of_record
TN:
SF:services\upload-service.js
FN:9,uploadToAzure
FNF:1
FNH:1
FNDA:2,uploadToAzure
DA:4,2
DA:6,2
DA:7,2
DA:10,2
DA:11,1
DA:15,1
DA:16,1
DA:18,1
DA:20,1
DA:21,1
DA:23,1
DA:27,1
LF:12
LH:12
BRDA:7,0,0,2
BRDA:7,0,1,0
BRDA:10,1,0,1
BRDA:10,1,1,1
BRF:4
BRH:3
end_of_record
TN:
SF:services\user-service.js
FN:3,getUsers
FN:17,findUserById
FN:21,addUser
FN:27,findUserByName
FN:31,findUserByJob
FN:35,findUserByNameAndJob
FN:39,removeUser
FNF:7
FNH:7
FNDA:5,getUsers
FNDA:1,findUserById
FNDA:1,addUser
FNDA:2,findUserByName
FNDA:2,findUserByJob
FNDA:2,findUserByNameAndJob
FNDA:1,removeUser
DA:5,5
DA:6,1
DA:7,4
DA:8,1
DA:9,3
DA:10,1
DA:11,2
DA:12,1
DA:14,5
DA:18,1
DA:22,1
DA:23,1
DA:24,1
DA:28,2
DA:32,2
DA:36,2
DA:40,1
LF:17
LH:17
BRDA:5,0,0,1
BRDA:5,0,1,4
BRDA:5,1,0,5
BRDA:5,1,1,2
BRDA:7,2,0,1
BRDA:7,2,1,3
BRDA:7,3,0,4
BRDA:7,3,1,2
BRDA:9,4,0,1
BRDA:9,4,1,2
BRDA:9,5,0,3
BRDA:9,5,1,2
BRDA:11,6,0,1
BRDA:11,6,1,1
BRDA:11,7,0,2
BRDA:11,7,1,1
BRF:16
BRH:16
end_of_record
